Base path: D:/Program Files (x86)/Unity/Editor/Data
Pipe name: \\.\pipe\UnityShaderCompiler-1-4596
Cmd: getPlatforms
Cmd: preprocess
  insize=531 outsize=531 ok=1
Cmd: preprocess
  insize=2253 outsize=1018 ok=1
Cmd: compileSnippet
  api=4 type=0 insize=1537 outsize=1274 kw=SOFTPARTICLES_OFF ok=1
Cmd: compileSnippet
  api=4 type=1 insize=1537 outsize=908 kw=SOFTPARTICLES_OFF ok=1
Cmd: preprocess
  insize=3063 outsize=1681 ok=1
Cmd: compileSnippet
  api=4 type=0 insize=1689 outsize=2217 kw= ok=1
Cmd: compileSnippet
  api=4 type=1 insize=1689 outsize=2168 kw= ok=1
Cmd: preprocess
  insize=2260 outsize=1025 ok=1
Cmd: preprocess
  insize=2965 outsize=1659 ok=1
Cmd: compileSnippet
  api=4 type=0 insize=1612 outsize=2005 kw= ok=1
Cmd: compileSnippet
  api=4 type=1 insize=1612 outsize=2070 kw= ok=1
